<?xml version="1.0" encoding="UTF-8"?>
<testng-results ignored="0" total="2" passed="2" failed="0" skipped="0">
  <reporter-output>
  </reporter-output>
  <suite started-at="2024-02-18T14:28:10 IST" name="Default suite" finished-at="2024-02-18T14:28:18 IST" duration-ms="8364">
    <groups>
    </groups>
    <test started-at="2024-02-18T14:28:10 IST" name="Default test" finished-at="2024-02-18T14:28:18 IST" duration-ms="8364">
      <class name="testclasses.TestProductListPage">
        <test-method is-config="true" signature="setup()[pri:0, instance:testclasses.TestProductListPage@7e0b85f9]" started-at="2024-02-18T14:28:10 IST" name="setup" finished-at="2024-02-18T14:28:14 IST" duration-ms="4024" status="PASS">
          <reporter-output>
          </reporter-output>
        </test-method> <!-- setup -->
        <test-method signature="TestSortByOptionsText()[pri:0, instance:testclasses.TestProductListPage@7e0b85f9]" started-at="2024-02-18T14:28:14 IST" name="TestSortByOptionsText" finished-at="2024-02-18T14:28:14 IST" duration-ms="280" status="PASS">
          <reporter-output>
          </reporter-output>
        </test-method> <!-- TestSortByOptionsText -->
        <test-method is-config="true" signature="tearDown()[pri:0, instance:testclasses.TestProductListPage@7e0b85f9]" started-at="2024-02-18T14:28:14 IST" name="tearDown" finished-at="2024-02-18T14:28:14 IST" duration-ms="185" status="PASS">
          <reporter-output>
          </reporter-output>
        </test-method> <!-- tearDown -->
        <test-method is-config="true" signature="setup()[pri:0, instance:testclasses.TestProductListPage@7e0b85f9]" started-at="2024-02-18T14:28:14 IST" name="setup" finished-at="2024-02-18T14:28:18 IST" duration-ms="3525" status="PASS">
          <reporter-output>
          </reporter-output>
        </test-method> <!-- setup -->
        <test-method signature="TestViewChange()[pri:0, instance:testclasses.TestProductListPage@7e0b85f9]" started-at="2024-02-18T14:28:18 IST" name="TestViewChange" finished-at="2024-02-18T14:28:18 IST" duration-ms="154" status="PASS">
          <reporter-output>
          </reporter-output>
        </test-method> <!-- TestViewChange -->
        <test-method is-config="true" signature="tearDown()[pri:0, instance:testclasses.TestProductListPage@7e0b85f9]" started-at="2024-02-18T14:28:18 IST" name="tearDown" finished-at="2024-02-18T14:28:18 IST" duration-ms="147" status="PASS">
          <reporter-output>
          </reporter-output>
        </test-method> <!-- tearDown -->
      </class> <!-- testclasses.TestProductListPage -->
    </test> <!-- Default test -->
  </suite> <!-- Default suite -->
</testng-results>
