<?xml version="1.0" encoding="UTF-8"?>
<!-- Generated by org.testng.reporters.JUnitReportReporter -->
<testsuite hostname="sanket-s" failures="0" tests="6" name="testclasses.MainPageTest" time="4.817" errors="0" timestamp="2024-02-11T10:09:35 IST" skipped="5">
  <testcase classname="testclasses.MainPageTest" name="testSearchBoxFunctionality" time="4.817"/>
  <system-out/>
  <testcase classname="testclasses.MainPageTest" name="testCurrencyTypePreSelected">
    <skipped/>
  </testcase> <!-- testCurrencyTypePreSelected -->
  <system-out/>
  <testcase classname="testclasses.MainPageTest" name="testCurrencyDropdownVisibility">
    <skipped/>
  </testcase> <!-- testCurrencyDropdownVisibility -->
  <system-out/>
  <testcase classname="testclasses.MainPageTest" name="testFeaturedProducts">
    <skipped/>
  </testcase> <!-- testFeaturedProducts -->
  <system-out/>
  <testcase classname="testclasses.MainPageTest" name="testNavDropdownsVisibility">
    <skipped/>
  </testcase> <!-- testNavDropdownsVisibility -->
  <system-out/>
  <testcase classname="testclasses.MainPageTest" name="testCurrencyTypeSelection">
    <skipped/>
  </testcase> <!-- testCurrencyTypeSelection -->
  <system-out/>
</testsuite> <!-- testclasses.MainPageTest -->
