<?xml version="1.0" encoding="UTF-8"?>
<!-- Generated by org.testng.reporters.JUnitReportReporter -->
<testsuite hostname="sanket-s" failures="0" tests="2" name="testclasses.TestProductListPage" time="8.315" errors="0" timestamp="2024-02-18T14:28:18 IST" skipped="0">
  <testcase classname="testclasses.TestProductListPage" name="TestViewChange" time="3.826"/>
  <system-out/>
  <testcase classname="testclasses.TestProductListPage" name="TestSortByOptionsText" time="4.489"/>
  <system-out/>
</testsuite> <!-- testclasses.TestProductListPage -->
